<?xml version="1.0" encoding="UTF-8"?>
<testng-results ignored="0" total="1" passed="1" failed="0" skipped="0">
  <reporter-output>
  </reporter-output>
  <suite started-at="2024-09-23T11:54:24 IST" name="Default suite" finished-at="2024-09-23T11:54:27 IST" duration-ms="3226">
    <groups>
    </groups>
    <test started-at="2024-09-23T11:54:24 IST" name="Default test" finished-at="2024-09-23T11:54:27 IST" duration-ms="3226">
      <class name="test_Cases.Sanjog">
        <test-method signature="testGetSitemap()[pri:0, instance:test_Cases.Sanjog@1ca3b418]" started-at="2024-09-23T11:54:24 IST" name="testGetSitemap" finished-at="2024-09-23T11:54:27 IST" duration-ms="3114" status="PASS">
          <reporter-output>
          </reporter-output>
        </test-method> <!-- testGetSitemap -->
      </class> <!-- test_Cases.Sanjog -->
    </test> <!-- Default test -->
  </suite> <!-- Default suite -->
</testng-results>
